#                                                               --- full sequence ---- --- best 1 domain ---- --- domain number estimation ----
# target name        accession  query name           accession    E-value  score  bias   E-value  score  bias   exp reg clu  ov env dom rep inc description of target
#------------------- ---------- -------------------- ---------- --------- ------ ----- --------- ------ -----   --- --- --- --- --- --- --- --- ---------------------
ANCCAN_03672         -          Aldedh               PF00171.27  7.4e-172  572.8   0.0  1.1e-171  572.2   0.0   1.2   1   0   0   1   1   1   1 transcript=ANCCAN_03672 gene=ANCCAN_03672
ANCCAN_12077         -          Aldedh               PF00171.27  1.2e-164  549.0   0.0  1.4e-164  548.8   0.0   1.0   1   0   0   1   1   1   1 transcript=ANCCAN_12077 gene=ANCCAN_12077
ANCCAN_15369         -          Aldedh               PF00171.27  1.4e-135  453.2   0.2  1.8e-135  452.8   0.2   1.0   1   0   0   1   1   1   1 transcript=ANCCAN_15369 gene=ANCCAN_15369
ANCCAN_22070         -          Aldedh               PF00171.27    6e-110  368.7   3.8  6.7e-110  368.5   3.8   1.0   1   0   0   1   1   1   1 transcript=ANCCAN_22070 gene=ANCCAN_22070
ANCCAN_02305         -          Aldedh               PF00171.27  1.4e-104  351.0   2.0  1.6e-104  350.8   2.0   1.0   1   0   0   1   1   1   1 transcript=ANCCAN_02305 gene=ANCCAN_02305
ANCCAN_30316         -          Aldedh               PF00171.27   4.4e-85  286.7   5.0   4.9e-85  286.5   5.0   1.0   1   0   0   1   1   1   1 transcript=ANCCAN_30316 gene=ANCCAN_30316
ANCCAN_11596         -          Aldedh               PF00171.27   5.5e-84  283.1   0.0   6.5e-84  282.8   0.0   1.0   1   0   0   1   1   1   1 transcript=ANCCAN_11596 gene=ANCCAN_11596
ANCCAN_18759         -          Aldedh               PF00171.27   2.6e-82  277.6   0.0   1.6e-80  271.6   0.0   2.1   1   1   0   1   1   1   1 transcript=ANCCAN_18759 gene=ANCCAN_18759
ANCCAN_11154         -          Aldedh               PF00171.27   5.1e-68  230.4   1.4   5.8e-68  230.2   1.4   1.0   1   0   0   1   1   1   1 transcript=ANCCAN_11154 gene=ANCCAN_11154
ANCCAN_10030         -          Aldedh               PF00171.27   2.6e-62  211.6   0.1   3.1e-62  211.4   0.1   1.0   1   0   0   1   1   1   1 transcript=ANCCAN_10030 gene=ANCCAN_10030
ANCCAN_13607         -          Aldedh               PF00171.27   1.2e-58  199.5   0.3   1.3e-58  199.4   0.3   1.0   1   0   0   1   1   1   1 transcript=ANCCAN_13607 gene=ANCCAN_13607
ANCCAN_20750         -          Aldedh               PF00171.27   3.6e-56  191.4   0.2   3.9e-56  191.3   0.2   1.0   1   0   0   1   1   1   1 transcript=ANCCAN_20750 gene=ANCCAN_20750
ANCCAN_13608         -          Aldedh               PF00171.27   8.4e-48  163.8   0.0     1e-47  163.5   0.0   1.0   1   0   0   1   1   1   1 transcript=ANCCAN_13608 gene=ANCCAN_13608
ANCCAN_20749         -          Aldedh               PF00171.27   2.5e-47  162.2   0.0     3e-47  161.9   0.0   1.0   1   0   0   1   1   1   1 transcript=ANCCAN_20749 gene=ANCCAN_20749
ANCCAN_29262         -          Aldedh               PF00171.27   1.6e-45  156.2   0.8   1.9e-45  156.0   0.8   1.0   1   0   0   1   1   1   1 transcript=ANCCAN_29262 gene=ANCCAN_29262
ANCCAN_10031         -          Aldedh               PF00171.27   6.5e-45  154.3   1.6     7e-45  154.1   1.6   1.0   1   0   0   1   1   1   1 transcript=ANCCAN_10031 gene=ANCCAN_10031
ANCCAN_10032         -          Aldedh               PF00171.27   4.8e-36  125.0   0.0   5.6e-36  124.8   0.0   1.0   1   0   0   1   1   1   1 transcript=ANCCAN_10032 gene=ANCCAN_10032
ANCCAN_20751         -          Aldedh               PF00171.27   3.8e-34  118.8   0.0   4.9e-34  118.4   0.0   1.0   1   0   0   1   1   1   1 transcript=ANCCAN_20751 gene=ANCCAN_20751
ANCCAN_05788         -          Aldedh               PF00171.27   3.5e-33  115.6   0.0   4.1e-33  115.4   0.0   1.0   1   0   0   1   1   1   1 transcript=ANCCAN_05788 gene=ANCCAN_05788
ANCCAN_13606         -          Aldedh               PF00171.27     1e-31  110.8   0.0   1.1e-31  110.6   0.0   1.0   1   0   0   1   1   1   1 transcript=ANCCAN_13606 gene=ANCCAN_13606
ANCCAN_02306         -          Aldedh               PF00171.27   1.1e-24   87.6   0.0   1.2e-24   87.4   0.0   1.0   1   0   0   1   1   1   1 transcript=ANCCAN_02306 gene=ANCCAN_02306
ANCCAN_10028         -          Aldedh               PF00171.27   6.2e-24   85.1   0.0   7.3e-24   84.9   0.0   1.0   1   0   0   1   1   1   1 transcript=ANCCAN_10028 gene=ANCCAN_10028
ANCCAN_10027         -          Aldedh               PF00171.27   6.8e-22   78.4   0.2   7.4e-22   78.2   0.2   1.0   1   0   0   1   1   1   1 transcript=ANCCAN_10027 gene=ANCCAN_10027
ANCCAN_11156         -          Aldedh               PF00171.27   2.3e-21   76.6   0.1   2.5e-21   76.5   0.1   1.0   1   0   0   1   1   1   1 transcript=ANCCAN_11156 gene=ANCCAN_11156
ANCCAN_11155         -          Aldedh               PF00171.27   2.7e-15   56.6   0.0   3.1e-15   56.4   0.0   1.0   1   0   0   1   1   1   1 transcript=ANCCAN_11155 gene=ANCCAN_11155
ANCCAN_05786         -          Aldedh               PF00171.27   2.6e-12   46.8   0.0   3.2e-12   46.5   0.0   1.0   1   0   0   1   1   1   1 transcript=ANCCAN_05786 gene=ANCCAN_05786
ANCCAN_10029         -          Aldedh               PF00171.27     4e-11   42.9   0.0   4.7e-11   42.6   0.0   1.0   1   0   0   1   1   1   1 transcript=ANCCAN_10029 gene=ANCCAN_10029
ANCCAN_00093         -          Aldedh               PF00171.27   2.7e-06   27.0   0.0    0.0058   15.9   0.0   2.0   2   0   0   2   2   2   2 transcript=ANCCAN_00093 gene=ANCCAN_00093
ANCCAN_30180         -          Aldedh               PF00171.27   3.6e-05   23.2   0.2   4.5e-05   22.9   0.2   1.1   1   0   0   1   1   1   1 transcript=ANCCAN_30180 gene=ANCCAN_30180
ANCCAN_28852         -          Aldedh               PF00171.27     0.037   13.3   0.0     0.049   12.9   0.0   1.1   1   0   0   1   1   1   0 transcript=ANCCAN_28852 gene=ANCCAN_28852
#
# Program:         hmmsearch
# Version:         3.3.2 (Nov 2020)
# Pipeline mode:   SEARCH
# Query file:      /home/n/nm471/PFam_HMM/PF00171.txt
# Target file:     /home/n/nm471/wormbase/ancylostoma_caninum.PRJNA72585.WBPS19.protein.fa.gz
# Option settings: /cm/shared/spack/opt/spack/linux-rocky9-x86_64_v3/gcc-12.3.0/hmmer-3.3.2-6xbbubuci3m4xefi3yqu6thg5loc4jju/bin/hmmsearch --tblout /home/n/nm471//PF00171_ancylostoma_caninum.out --noali -E 0.1 /home/n/nm471/PFam_HMM/PF00171.txt /home/n/nm471/wormbase/ancylostoma_caninum.PRJNA72585.WBPS19.protein.fa.gz 
# Current dir:     /alice-home/3/n/nm471
# Date:            Thu Dec 12 22:44:12 2024
# [ok]
