#                                                                     --- full sequence ---- --- best 1 domain ---- --- domain number estimation ----
# target name              accession  query name           accession    E-value  score  bias   E-value  score  bias   exp reg clu  ov env dom rep inc description of target
#      ------------------- ---------- -------------------- ---------- --------- ------ ----- --------- ------ -----   --- --- --- --- --- --- --- --- ---------------------
ALDISUDHAUS000004054.mRNA1 -          Aldedh               PF00171.27    8e-184  612.6   1.9    9e-184  612.4   1.9   1.0   1   0   0   1   1   1   1 transcript=ALDISUDHAUS000004054.mRNA1 gene=ALDISUDHAUS000004054
ALDISUDHAUS000006716.mRNA1 -          Aldedh               PF00171.27  4.6e-183  610.1   2.7  5.2e-183  609.9   2.7   1.0   1   0   0   1   1   1   1 transcript=ALDISUDHAUS000006716.mRNA1 gene=ALDISUDHAUS000006716
ALDISUDHAUS000008640.mRNA1 -          Aldedh               PF00171.27  3.1e-175  584.3   0.1  3.8e-175  584.0   0.1   1.1   1   0   0   1   1   1   1 transcript=ALDISUDHAUS000008640.mRNA1 gene=ALDISUDHAUS000008640
ALDISUDHAUS000009760.mRNA1 -          Aldedh               PF00171.27    6e-175  583.4   0.1  7.4e-175  583.1   0.1   1.1   1   0   0   1   1   1   1 transcript=ALDISUDHAUS000009760.mRNA1 gene=ALDISUDHAUS000009760
ALDISUDHAUS000001618.mRNA1 -          Aldedh               PF00171.27  3.4e-161  538.0   0.0  6.3e-161  537.1   0.0   1.4   1   1   0   1   1   1   1 transcript=ALDISUDHAUS000001618.mRNA1 gene=ALDISUDHAUS000001618
ALDISUDHAUS000012018.mRNA1 -          Aldedh               PF00171.27  2.5e-160  535.2   0.0  3.1e-160  534.9   0.0   1.0   1   0   0   1   1   1   1 transcript=ALDISUDHAUS000012018.mRNA1 gene=ALDISUDHAUS000012018
ALDISUDHAUS000008589.mRNA1 -          Aldedh               PF00171.27  3.6e-160  534.7   0.8  4.1e-160  534.5   0.8   1.0   1   0   0   1   1   1   1 transcript=ALDISUDHAUS000008589.mRNA1 gene=ALDISUDHAUS000008589
ALDISUDHAUS000008171.mRNA1 -          Aldedh               PF00171.27  1.6e-159  532.6   1.1  1.8e-159  532.3   1.1   1.0   1   0   0   1   1   1   1 transcript=ALDISUDHAUS000008171.mRNA1 gene=ALDISUDHAUS000008171
ALDISUDHAUS000012159.mRNA1 -          Aldedh               PF00171.27  2.9e-158  528.3   0.0  3.6e-158  528.1   0.0   1.0   1   0   0   1   1   1   1 transcript=ALDISUDHAUS000012159.mRNA1 gene=ALDISUDHAUS000012159
ALDISUDHAUS000021732.mRNA1 -          Aldedh               PF00171.27  3.9e-154  514.8   0.9  4.6e-154  514.5   0.9   1.0   1   0   0   1   1   1   1 transcript=ALDISUDHAUS000021732.mRNA1 gene=ALDISUDHAUS000021732
ALDISUDHAUS000021700.mRNA1 -          Aldedh               PF00171.27  4.1e-153  511.4   0.6  4.8e-153  511.2   0.6   1.0   1   0   0   1   1   1   1 transcript=ALDISUDHAUS000021700.mRNA1 gene=ALDISUDHAUS000021700
ALDISUDHAUS000005023.mRNA1 -          Aldedh               PF00171.27  5.7e-137  458.2   0.3    7e-137  457.9   0.3   1.0   1   0   0   1   1   1   1 transcript=ALDISUDHAUS000005023.mRNA1 gene=ALDISUDHAUS000005023
ALDISUDHAUS000015387.mRNA1 -          Aldedh               PF00171.27  9.4e-137  457.4   0.3  1.1e-136  457.2   0.3   1.0   1   0   0   1   1   1   1 transcript=ALDISUDHAUS000015387.mRNA1 gene=ALDISUDHAUS000015387
ALDISUDHAUS000004859.mRNA1 -          Aldedh               PF00171.27  1.5e-136  456.7   0.4  1.9e-136  456.5   0.4   1.0   1   0   0   1   1   1   1 transcript=ALDISUDHAUS000004859.mRNA1 gene=ALDISUDHAUS000004859
ALDISUDHAUS000013720.mRNA1 -          Aldedh               PF00171.27    1e-135  454.0   0.2  1.2e-135  453.8   0.2   1.0   1   0   0   1   1   1   1 transcript=ALDISUDHAUS000013720.mRNA1 gene=ALDISUDHAUS000013720
ALDISUDHAUS000001456.mRNA1 -          Aldedh               PF00171.27  3.3e-124  416.1   0.0  4.8e-124  415.6   0.0   1.1   1   0   0   1   1   1   1 transcript=ALDISUDHAUS000001456.mRNA1 gene=ALDISUDHAUS000001456
ALDISUDHAUS000007460.mRNA1 -          Aldedh               PF00171.27   8.7e-98  329.0   0.0     1e-97  328.7   0.0   1.0   1   0   0   1   1   1   1 transcript=ALDISUDHAUS000007460.mRNA1 gene=ALDISUDHAUS000007460
ALDISUDHAUS000009661.mRNA1 -          Aldedh               PF00171.27   1.1e-96  325.4   0.0   1.3e-96  325.1   0.0   1.0   1   0   0   1   1   1   1 transcript=ALDISUDHAUS000009661.mRNA1 gene=ALDISUDHAUS000009661
ALDISUDHAUS000029690.mRNA1 -          Aldedh               PF00171.27   8.5e-76  256.5   0.0     1e-75  256.3   0.0   1.0   1   0   0   1   1   1   1 transcript=ALDISUDHAUS000029690.mRNA1 gene=ALDISUDHAUS000029690
ALDISUDHAUS000029394.mRNA1 -          Aldedh               PF00171.27   3.7e-75  254.4   0.0   4.4e-75  254.1   0.0   1.0   1   0   0   1   1   1   1 transcript=ALDISUDHAUS000029394.mRNA1 gene=ALDISUDHAUS000029394
ALDISUDHAUS000007578.mRNA1 -          Aldedh               PF00171.27     1e-74  252.9   0.0   1.3e-74  252.6   0.0   1.0   1   0   0   1   1   1   1 transcript=ALDISUDHAUS000007578.mRNA1 gene=ALDISUDHAUS000007578
ALDISUDHAUS000004230.mRNA1 -          Aldedh               PF00171.27   4.9e-74  250.7   0.0     6e-74  250.4   0.0   1.0   1   0   0   1   1   1   1 transcript=ALDISUDHAUS000004230.mRNA1 gene=ALDISUDHAUS000004230
ALDISUDHAUS000036789.mRNA1 -          Aldedh               PF00171.27   2.1e-24   87.1   0.0   2.2e-24   87.0   0.0   1.0   1   0   0   1   1   1   1 transcript=ALDISUDHAUS000036789.mRNA1 gene=ALDISUDHAUS000036789
ALDISUDHAUS000008587.mRNA1 -          Aldedh               PF00171.27   2.6e-10   40.6   0.1   6.9e-07   29.3   0.0   2.5   2   1   0   2   2   2   2 transcript=ALDISUDHAUS000008587.mRNA1 gene=ALDISUDHAUS000008587
ALDISUDHAUS000007874.mRNA1 -          Aldedh               PF00171.27   1.3e-09   38.2   0.1   2.6e-06   27.4   0.0   2.5   2   1   0   2   2   2   2 transcript=ALDISUDHAUS000007874.mRNA1 gene=ALDISUDHAUS000007874
#
# Program:         hmmsearch
# Version:         3.3.2 (Nov 2020)
# Pipeline mode:   SEARCH
# Query file:      /home/n/nm471/PFam_HMM/PF00171.txt
# Target file:     /home/n/nm471/wormbase/allodiplogaster_sudhausi.PRJEB48369.WBPS19.protein.fa.gz
# Option settings: /cm/shared/spack/opt/spack/linux-rocky9-x86_64_v3/gcc-12.3.0/hmmer-3.3.2-6xbbubuci3m4xefi3yqu6thg5loc4jju/bin/hmmsearch --tblout /home/n/nm471//PF00171_allodiplogaster_sudhausi.out --noali -E 0.1 /home/n/nm471/PFam_HMM/PF00171.txt /home/n/nm471/wormbase/allodiplogaster_sudhausi.PRJEB48369.WBPS19.protein.fa.gz 
# Current dir:     /alice-home/3/n/nm471
# Date:            Thu Dec 12 22:44:13 2024
# [ok]
